# JRE version: Java(TM) SE Runtime Environment (8.0_171-b11) (build 1.8.0_171-b11)
# Java VM: Java HotSpot(TM) 64-Bit Server VM (25.171-b11 mixed mode windows-amd64 compressed oops)
Heap:
 PSYoungGen      total 70144K, used 12598K [0x00000000eab00000, 0x00000000ef800000, 0x0000000100000000)
  eden space 64512K, 10% used [0x00000000eab00000,0x00000000eb1d0c20,0x00000000eea00000)
  from space 5632K, 99% used [0x00000000ef080000,0x00000000ef5fcec8,0x00000000ef600000)
  to   space 6656K, 0% used [0x00000000eea00000,0x00000000eea00000,0x00000000ef080000)
 ParOldGen       total 30208K, used 9908K [0x00000000c0000000, 0x00000000c1d80000, 0x00000000eab00000)
  object space 30208K, 32% used [0x00000000c0000000,0x00000000c09ad148,0x00000000c1d80000)
 Metaspace       used 31268K, capacity 32548K, committed 32688K, reserved 1077248K
  class space    used 4145K, capacity 4409K, committed 4528K, reserved 1048576K
GC Heap History (10 events):
Event: 4.699 GC heap before
{Heap before GC invocations=7 (full 0):
 PSYoungGen      total 70144K, used 25836K [0x00000000eab00000, 0x00000000ef800000, 0x0000000100000000)
  eden space 64512K, 31% used [0x00000000eab00000,0x00000000ebec1c50,0x00000000eea00000)
  from space 5632K, 99% used [0x00000000ef080000,0x00000000ef5f96c8,0x00000000ef600000)
  to   space 6656K, 0% used [0x00000000eea00000,0x00000000eea00000,0x00000000ef080000)
 ParOldGen       total 44032K, used 6487K [0x00000000c0000000, 0x00000000c2b00000, 0x00000000eab00000)
  object space 44032K, 14% used [0x00000000c0000000,0x00000000c0655c68,0x00000000c2b00000)
 Metaspace       used 20749K, capacity 21280K, committed 21296K, reserved 1067008K
  class space    used 2721K, capacity 2859K, committed 2864K, reserved 1048576K
Event: 4.716 GC heap after
Heap after GC invocations=7 (full 0):
 PSYoungGen      total 71168K, used 4346K [0x00000000eab00000, 0x00000000ef800000, 0x0000000100000000)
  eden space 64512K, 0% used [0x00000000eab00000,0x00000000eab00000,0x00000000eea00000)
  from space 6656K, 65% used [0x00000000eea00000,0x00000000eee3e8d0,0x00000000ef080000)
  to   space 5632K, 0% used [0x00000000ef080000,0x00000000ef080000,0x00000000ef600000)
 ParOldGen       total 44032K, used 7552K [0x00000000c0000000, 0x00000000c2b00000, 0x00000000eab00000)
  object space 44032K, 17% used [0x00000000c0000000,0x00000000c0760200,0x00000000c2b00000)
 Metaspace       used 20749K, capacity 21280K, committed 21296K, reserved 1067008K
  class space    used 2721K, capacity 2859K, committed 2864K, reserved 1048576K
}
Event: 4.716 GC heap before
{Heap before GC invocations=8 (full 1):
 PSYoungGen      total 71168K, used 4346K [0x00000000eab00000, 0x00000000ef800000, 0x0000000100000000)
  eden space 64512K, 0% used [0x00000000eab00000,0x00000000eab00000,0x00000000eea00000)
  from space 6656K, 65% used [0x00000000eea00000,0x00000000eee3e8d0,0x00000000ef080000)
  to   space 5632K, 0% used [0x00000000ef080000,0x00000000ef080000,0x00000000ef600000)
 ParOldGen       total 44032K, used 7552K [0x00000000c0000000, 0x00000000c2b00000, 0x00000000eab00000)
  object space 44032K, 17% used [0x00000000c0000000,0x00000000c0760200,0x00000000c2b00000)
 Metaspace       used 20749K, capacity 21280K, committed 21296K, reserved 1067008K
  class space    used 2721K, capacity 2859K, committed 2864K, reserved 1048576K
Event: 4.776 GC heap after
Heap after GC invocations=8 (full 1):
 PSYoungGen      total 71168K, used 0K [0x00000000eab00000, 0x00000000ef800000, 0x0000000100000000)
  eden space 64512K, 0% used [0x00000000eab00000,0x00000000eab00000,0x00000000eea00000)
  from space 6656K, 0% used [0x00000000eea00000,0x00000000eea00000,0x00000000ef080000)
  to   space 5632K, 0% used [0x00000000ef080000,0x00000000ef080000,0x00000000ef600000)
 ParOldGen       total 30208K, used 6263K [0x00000000c0000000, 0x00000000c1d80000, 0x00000000eab00000)
  object space 30208K, 20% used [0x00000000c0000000,0x00000000c061dee0,0x00000000c1d80000)
 Metaspace       used 20749K, capacity 21280K, committed 21296K, reserved 1067008K
  class space    used 2721K, capacity 2859K, committed 2864K, reserved 1048576K
}
Event: 6.409 GC heap before
{Heap before GC invocations=9 (full 1):
 PSYoungGen      total 71168K, used 64505K [0x00000000eab00000, 0x00000000ef800000, 0x0000000100000000)
  eden space 64512K, 99% used [0x00000000eab00000,0x00000000ee9fe570,0x00000000eea00000)
  from space 6656K, 0% used [0x00000000eea00000,0x00000000eea00000,0x00000000ef080000)
  to   space 5632K, 0% used [0x00000000ef080000,0x00000000ef080000,0x00000000ef600000)
 ParOldGen       total 30208K, used 6263K [0x00000000c0000000, 0x00000000c1d80000, 0x00000000eab00000)
  object space 30208K, 20% used [0x00000000c0000000,0x00000000c061dee0,0x00000000c1d80000)
 Metaspace       used 25228K, capacity 26016K, committed 26160K, reserved 1071104K
  class space    used 3293K, capacity 3511K, committed 3632K, reserved 1048576K
Event: 6.420 GC heap after
Heap after GC invocations=9 (full 1):
 PSYoungGen      total 70144K, used 5549K [0x00000000eab00000, 0x00000000ef800000, 0x0000000100000000)
  eden space 64512K, 0% used [0x00000000eab00000,0x00000000eab00000,0x00000000eea00000)
  from space 5632K, 98% used [0x00000000ef080000,0x00000000ef5eb608,0x00000000ef600000)
  to   space 6656K, 0% used [0x00000000eea00000,0x00000000eea00000,0x00000000ef080000)
 ParOldGen       total 30208K, used 6335K [0x00000000c0000000, 0x00000000c1d80000, 0x00000000eab00000)
  object space 30208K, 20% used [0x00000000c0000000,0x00000000c062fef0,0x00000000c1d80000)
 Metaspace       used 25228K, capacity 26016K, committed 26160K, reserved 1071104K
  class space    used 3293K, capacity 3511K, committed 3632K, reserved 1048576K
}
Event: 7.329 GC heap before
{Heap before GC invocations=10 (full 1):
 PSYoungGen      total 70144K, used 70061K [0x00000000eab00000, 0x00000000ef800000, 0x0000000100000000)
  eden space 64512K, 100% used [0x00000000eab00000,0x00000000eea00000,0x00000000eea00000)
  from space 5632K, 98% used [0x00000000ef080000,0x00000000ef5eb608,0x00000000ef600000)
  to   space 6656K, 0% used [0x00000000eea00000,0x00000000eea00000,0x00000000ef080000)
 ParOldGen       total 30208K, used 6335K [0x00000000c0000000, 0x00000000c1d80000, 0x00000000eab00000)
  object space 30208K, 20% used [0x00000000c0000000,0x00000000c062fef0,0x00000000c1d80000)
 Metaspace       used 27484K, capacity 28608K, committed 28720K, reserved 1075200K
  class space    used 3620K, capacity 3869K, committed 3888K, reserved 1048576K
Event: 7.344 GC heap after
Heap after GC invocations=10 (full 1):
 PSYoungGen      total 71168K, used 6637K [0x00000000eab00000, 0x00000000ef800000, 0x0000000100000000)
  eden space 64512K, 0% used [0x00000000eab00000,0x00000000eab00000,0x00000000eea00000)
  from space 6656K, 99% used [0x00000000eea00000,0x00000000ef07b7a8,0x00000000ef080000)
  to   space 5632K, 0% used [0x00000000ef080000,0x00000000ef080000,0x00000000ef600000)
 ParOldGen       total 30208K, used 6551K [0x00000000c0000000, 0x00000000c1d80000, 0x00000000eab00000)
  object space 30208K, 21% used [0x00000000c0000000,0x00000000c0665eb8,0x00000000c1d80000)
 Metaspace       used 27484K, capacity 28608K, committed 28720K, reserved 1075200K
  class space    used 3620K, capacity 3869K, committed 3888K, reserved 1048576K
}
Event: 8.780 GC heap before
{Heap before GC invocations=11 (full 1):
 PSYoungGen      total 71168K, used 71149K [0x00000000eab00000, 0x00000000ef800000, 0x0000000100000000)
  eden space 64512K, 100% used [0x00000000eab00000,0x00000000eea00000,0x00000000eea00000)
  from space 6656K, 99% used [0x00000000eea00000,0x00000000ef07b7a8,0x00000000ef080000)
  to   space 5632K, 0% used [0x00000000ef080000,0x00000000ef080000,0x00000000ef600000)
 ParOldGen       total 30208K, used 6551K [0x00000000c0000000, 0x00000000c1d80000, 0x00000000eab00000)
  object space 30208K, 21% used [0x00000000c0000000,0x00000000c0665eb8,0x00000000c1d80000)
 Metaspace       used 30998K, capacity 32184K, committed 32304K, reserved 1077248K
  class space    used 4122K, capacity 4373K, committed 4400K, reserved 1048576K
Event: 8.809 GC heap after
Heap after GC invocations=11 (full 1):
 PSYoungGen      total 70144K, used 5619K [0x00000000eab00000, 0x00000000ef800000, 0x0000000100000000)
  eden space 64512K, 0% used [0x00000000eab00000,0x00000000eab00000,0x00000000eea00000)
  from space 5632K, 99% used [0x00000000ef080000,0x00000000ef5fcec8,0x00000000ef600000)
  to   space 6656K, 0% used [0x00000000eea00000,0x00000000eea00000,0x00000000ef080000)
 ParOldGen       total 30208K, used 9908K [0x00000000c0000000, 0x00000000c1d80000, 0x00000000eab00000)
  object space 30208K, 32% used [0x00000000c0000000,0x00000000c09ad148,0x00000000c1d80000)
 Metaspace       used 30998K, capacity 32184K, committed 32304K, reserved 1077248K
  class space    used 4122K, capacity 4373K, committed 4400K, reserved 1048576K
}

