# JRE version: Java(TM) SE Runtime Environment (8.0_171-b11) (build 1.8.0_171-b11)
# Java VM: Java HotSpot(TM) 64-Bit Server VM (25.171-b11 mixed mode windows-amd64 compressed oops)
Heap:
 PSYoungGen      total 182272K, used 38654K [0x00000000eab00000, 0x00000000f7300000, 0x0000000100000000)
  eden space 172544K, 22% used [0x00000000eab00000,0x00000000ed0bf968,0x00000000f5380000)
  from space 9728K, 0% used [0x00000000f5d80000,0x00000000f5d80000,0x00000000f6700000)
  to   space 10240K, 0% used [0x00000000f5380000,0x00000000f5380000,0x00000000f5d80000)
 ParOldGen       total 43520K, used 25010K [0x00000000c0000000, 0x00000000c2a80000, 0x00000000eab00000)
  object space 43520K, 57% used [0x00000000c0000000,0x00000000c186caa8,0x00000000c2a80000)
 Metaspace       used 57543K, capacity 60372K, committed 60544K, reserved 1101824K
  class space    used 7979K, capacity 8480K, committed 8576K, reserved 1048576K
GC Heap History (10 events):
Event: 10.791 GC heap before
{Heap before GC invocations=11 (full 1):
 PSYoungGen      total 134656K, used 75378K [0x00000000eab00000, 0x00000000f6700000, 0x0000000100000000)
  eden space 126976K, 53% used [0x00000000eab00000,0x00000000eed21020,0x00000000f2700000)
  from space 7680K, 99% used [0x00000000f2700000,0x00000000f2e7b9c0,0x00000000f2e80000)
  to   space 9728K, 0% used [0x00000000f5d80000,0x00000000f5d80000,0x00000000f6700000)
 ParOldGen       total 30720K, used 11522K [0x00000000c0000000, 0x00000000c1e00000, 0x00000000eab00000)
  object space 30720K, 37% used [0x00000000c0000000,0x00000000c0b40a58,0x00000000c1e00000)
 Metaspace       used 33739K, capacity 35422K, committed 35496K, reserved 1079296K
  class space    used 4454K, capacity 4800K, committed 4864K, reserved 1048576K
Event: 10.813 GC heap after
Heap after GC invocations=11 (full 1):
 PSYoungGen      total 182272K, used 7916K [0x00000000eab00000, 0x00000000f7300000, 0x0000000100000000)
  eden space 172544K, 0% used [0x00000000eab00000,0x00000000eab00000,0x00000000f5380000)
  from space 9728K, 81% used [0x00000000f5d80000,0x00000000f653b3f8,0x00000000f6700000)
  to   space 10240K, 0% used [0x00000000f5380000,0x00000000f5380000,0x00000000f5d80000)
 ParOldGen       total 30720K, used 13531K [0x00000000c0000000, 0x00000000c1e00000, 0x00000000eab00000)
  object space 30720K, 44% used [0x00000000c0000000,0x00000000c0d36fd0,0x00000000c1e00000)
 Metaspace       used 33739K, capacity 35422K, committed 35496K, reserved 1079296K
  class space    used 4454K, capacity 4800K, committed 4864K, reserved 1048576K
}
Event: 10.813 GC heap before
{Heap before GC invocations=12 (full 2):
 PSYoungGen      total 182272K, used 7916K [0x00000000eab00000, 0x00000000f7300000, 0x0000000100000000)
  eden space 172544K, 0% used [0x00000000eab00000,0x00000000eab00000,0x00000000f5380000)
  from space 9728K, 81% used [0x00000000f5d80000,0x00000000f653b3f8,0x00000000f6700000)
  to   space 10240K, 0% used [0x00000000f5380000,0x00000000f5380000,0x00000000f5d80000)
 ParOldGen       total 30720K, used 13531K [0x00000000c0000000, 0x00000000c1e00000, 0x00000000eab00000)
  object space 30720K, 44% used [0x00000000c0000000,0x00000000c0d36fd0,0x00000000c1e00000)
 Metaspace       used 33739K, capacity 35422K, committed 35496K, reserved 1079296K
  class space    used 4454K, capacity 4800K, committed 4864K, reserved 1048576K
Event: 10.969 GC heap after
Heap after GC invocations=12 (full 2):
 PSYoungGen      total 182272K, used 0K [0x00000000eab00000, 0x00000000f7300000, 0x0000000100000000)
  eden space 172544K, 0% used [0x00000000eab00000,0x00000000eab00000,0x00000000f5380000)
  from space 9728K, 0% used [0x00000000f5d80000,0x00000000f5d80000,0x00000000f6700000)
  to   space 10240K, 0% used [0x00000000f5380000,0x00000000f5380000,0x00000000f5d80000)
 ParOldGen       total 43520K, used 14113K [0x00000000c0000000, 0x00000000c2a80000, 0x00000000eab00000)
  object space 43520K, 32% used [0x00000000c0000000,0x00000000c0dc87f8,0x00000000c2a80000)
 Metaspace       used 33739K, capacity 35422K, committed 35496K, reserved 1079296K
  class space    used 4454K, capacity 4800K, committed 4864K, reserved 1048576K
}
Event: 15.852 GC heap before
{Heap before GC invocations=13 (full 2):
 PSYoungGen      total 182272K, used 172544K [0x00000000eab00000, 0x00000000f7300000, 0x0000000100000000)
  eden space 172544K, 100% used [0x00000000eab00000,0x00000000f5380000,0x00000000f5380000)
  from space 9728K, 0% used [0x00000000f5d80000,0x00000000f5d80000,0x00000000f6700000)
  to   space 10240K, 0% used [0x00000000f5380000,0x00000000f5380000,0x00000000f5d80000)
 ParOldGen       total 43520K, used 14113K [0x00000000c0000000, 0x00000000c2a80000, 0x00000000eab00000)
  object space 43520K, 32% used [0x00000000c0000000,0x00000000c0dc87f8,0x00000000c2a80000)
 Metaspace       used 51390K, capacity 53428K, committed 53632K, reserved 1095680K
  class space    used 7093K, capacity 7477K, committed 7552K, reserved 1048576K
Event: 15.900 GC heap after
Heap after GC invocations=13 (full 2):
 PSYoungGen      total 182784K, used 10209K [0x00000000eab00000, 0x00000000f7300000, 0x0000000100000000)
  eden space 172544K, 0% used [0x00000000eab00000,0x00000000eab00000,0x00000000f5380000)
  from space 10240K, 99% used [0x00000000f5380000,0x00000000f5d785c0,0x00000000f5d80000)
  to   space 9728K, 0% used [0x00000000f5d80000,0x00000000f5d80000,0x00000000f6700000)
 ParOldGen       total 43520K, used 24908K [0x00000000c0000000, 0x00000000c2a80000, 0x00000000eab00000)
  object space 43520K, 57% used [0x00000000c0000000,0x00000000c1853358,0x00000000c2a80000)
 Metaspace       used 51390K, capacity 53428K, committed 53632K, reserved 1095680K
  class space    used 7093K, capacity 7477K, committed 7552K, reserved 1048576K
}
Event: 17.957 GC heap before
{Heap before GC invocations=14 (full 2):
 PSYoungGen      total 182784K, used 71683K [0x00000000eab00000, 0x00000000f7300000, 0x0000000100000000)
  eden space 172544K, 35% used [0x00000000eab00000,0x00000000ee708808,0x00000000f5380000)
  from space 10240K, 99% used [0x00000000f5380000,0x00000000f5d785c0,0x00000000f5d80000)
  to   space 9728K, 0% used [0x00000000f5d80000,0x00000000f5d80000,0x00000000f6700000)
 ParOldGen       total 43520K, used 24908K [0x00000000c0000000, 0x00000000c2a80000, 0x00000000eab00000)
  object space 43520K, 57% used [0x00000000c0000000,0x00000000c1853358,0x00000000c2a80000)
 Metaspace       used 56382K, capacity 59060K, committed 59160K, reserved 1099776K
  class space    used 7782K, capacity 8281K, committed 8320K, reserved 1048576K
Event: 18.009 GC heap after
Heap after GC invocations=14 (full 2):
 PSYoungGen      total 182272K, used 6628K [0x00000000eab00000, 0x00000000f7300000, 0x0000000100000000)
  eden space 172544K, 0% used [0x00000000eab00000,0x00000000eab00000,0x00000000f5380000)
  from space 9728K, 68% used [0x00000000f5d80000,0x00000000f63f9098,0x00000000f6700000)
  to   space 10240K, 0% used [0x00000000f5380000,0x00000000f5380000,0x00000000f5d80000)
 ParOldGen       total 43520K, used 31856K [0x00000000c0000000, 0x00000000c2a80000, 0x00000000eab00000)
  object space 43520K, 73% used [0x00000000c0000000,0x00000000c1f1c238,0x00000000c2a80000)
 Metaspace       used 56382K, capacity 59060K, committed 59160K, reserved 1099776K
  class space    used 7782K, capacity 8281K, committed 8320K, reserved 1048576K
}
Event: 18.010 GC heap before
{Heap before GC invocations=15 (full 3):
 PSYoungGen      total 182272K, used 6628K [0x00000000eab00000, 0x00000000f7300000, 0x0000000100000000)
  eden space 172544K, 0% used [0x00000000eab00000,0x00000000eab00000,0x00000000f5380000)
  from space 9728K, 68% used [0x00000000f5d80000,0x00000000f63f9098,0x00000000f6700000)
  to   space 10240K, 0% used [0x00000000f5380000,0x00000000f5380000,0x00000000f5d80000)
 ParOldGen       total 43520K, used 31856K [0x00000000c0000000, 0x00000000c2a80000, 0x00000000eab00000)
  object space 43520K, 73% used [0x00000000c0000000,0x00000000c1f1c238,0x00000000c2a80000)
 Metaspace       used 56382K, capacity 59060K, committed 59160K, reserved 1099776K
  class space    used 7782K, capacity 8281K, committed 8320K, reserved 1048576K
Event: 18.265 GC heap after
Heap after GC invocations=15 (full 3):
 PSYoungGen      total 182272K, used 0K [0x00000000eab00000, 0x00000000f7300000, 0x0000000100000000)
  eden space 172544K, 0% used [0x00000000eab00000,0x00000000eab00000,0x00000000f5380000)
  from space 9728K, 0% used [0x00000000f5d80000,0x00000000f5d80000,0x00000000f6700000)
  to   space 10240K, 0% used [0x00000000f5380000,0x00000000f5380000,0x00000000f5d80000)
 ParOldGen       total 43520K, used 25010K [0x00000000c0000000, 0x00000000c2a80000, 0x00000000eab00000)
  object space 43520K, 57% used [0x00000000c0000000,0x00000000c186caa8,0x00000000c2a80000)
 Metaspace       used 56379K, capacity 59054K, committed 59160K, reserved 1099776K
  class space    used 7781K, capacity 8280K, committed 8320K, reserved 1048576K
}

