# JRE version: Java(TM) SE Runtime Environment (8.0_171-b11) (build 1.8.0_171-b11)
# Java VM: Java HotSpot(TM) 64-Bit Server VM (25.171-b11 mixed mode windows-amd64 compressed oops)
Heap:
 PSYoungGen      total 234496K, used 50914K [0x00000000eab00000, 0x00000000fa680000, 0x0000000100000000)
  eden space 219136K, 19% used [0x00000000eab00000,0x00000000ed4d9b40,0x00000000f8100000)
  from space 15360K, 52% used [0x00000000f9000000,0x00000000f97df088,0x00000000f9f00000)
  to   space 15360K, 0% used [0x00000000f8100000,0x00000000f8100000,0x00000000f9000000)
 ParOldGen       total 48128K, used 30489K [0x00000000c0000000, 0x00000000c2f00000, 0x00000000eab00000)
  object space 48128K, 63% used [0x00000000c0000000,0x00000000c1dc65c8,0x00000000c2f00000)
 Metaspace       used 54886K, capacity 57456K, committed 57768K, reserved 1099776K
  class space    used 7688K, capacity 8111K, committed 8112K, reserved 1048576K
GC Heap History (10 events):
Event: 9.546 GC heap before
{Heap before GC invocations=10 (full 1):
 PSYoungGen      total 118272K, used 118257K [0x00000000eab00000, 0x00000000f3480000, 0x0000000100000000)
  eden space 113152K, 100% used [0x00000000eab00000,0x00000000f1980000,0x00000000f1980000)
  from space 5120K, 99% used [0x00000000f2f80000,0x00000000f347c7d0,0x00000000f3480000)
  to   space 6656K, 0% used [0x00000000f2780000,0x00000000f2780000,0x00000000f2e00000)
 ParOldGen       total 30208K, used 6276K [0x00000000c0000000, 0x00000000c1d80000, 0x00000000eab00000)
  object space 30208K, 20% used [0x00000000c0000000,0x00000000c06210e8,0x00000000c1d80000)
 Metaspace       used 30491K, capacity 31716K, committed 32048K, reserved 1077248K
  class space    used 4045K, capacity 4319K, committed 4400K, reserved 1048576K
Event: 9.580 GC heap after
Heap after GC invocations=10 (full 1):
 PSYoungGen      total 134144K, used 6625K [0x00000000eab00000, 0x00000000f5b80000, 0x0000000100000000)
  eden space 127488K, 0% used [0x00000000eab00000,0x00000000eab00000,0x00000000f2780000)
  from space 6656K, 99% used [0x00000000f2780000,0x00000000f2df8580,0x00000000f2e00000)
  to   space 9216K, 0% used [0x00000000f5280000,0x00000000f5280000,0x00000000f5b80000)
 ParOldGen       total 30208K, used 10273K [0x00000000c0000000, 0x00000000c1d80000, 0x00000000eab00000)
  object space 30208K, 34% used [0x00000000c0000000,0x00000000c0a087e0,0x00000000c1d80000)
 Metaspace       used 30491K, capacity 31716K, committed 32048K, reserved 1077248K
  class space    used 4045K, capacity 4319K, committed 4400K, reserved 1048576K
}
Event: 10.795 GC heap before
{Heap before GC invocations=11 (full 1):
 PSYoungGen      total 134144K, used 52392K [0x00000000eab00000, 0x00000000f5b80000, 0x0000000100000000)
  eden space 127488K, 35% used [0x00000000eab00000,0x00000000ed7b1c48,0x00000000f2780000)
  from space 6656K, 99% used [0x00000000f2780000,0x00000000f2df8580,0x00000000f2e00000)
  to   space 9216K, 0% used [0x00000000f5280000,0x00000000f5280000,0x00000000f5b80000)
 ParOldGen       total 30208K, used 10273K [0x00000000c0000000, 0x00000000c1d80000, 0x00000000eab00000)
  object space 30208K, 34% used [0x00000000c0000000,0x00000000c0a087e0,0x00000000c1d80000)
 Metaspace       used 34063K, capacity 35394K, committed 35496K, reserved 1079296K
  class space    used 4452K, capacity 4750K, committed 4784K, reserved 1048576K
Event: 10.816 GC heap after
Heap after GC invocations=11 (full 1):
 PSYoungGen      total 169984K, used 9185K [0x00000000eab00000, 0x00000000f7180000, 0x0000000100000000)
  eden space 160768K, 0% used [0x00000000eab00000,0x00000000eab00000,0x00000000f4800000)
  from space 9216K, 99% used [0x00000000f5280000,0x00000000f5b785a0,0x00000000f5b80000)
  to   space 10752K, 0% used [0x00000000f4800000,0x00000000f4800000,0x00000000f5280000)
 ParOldGen       total 30208K, used 12295K [0x00000000c0000000, 0x00000000c1d80000, 0x00000000eab00000)
  object space 30208K, 40% used [0x00000000c0000000,0x00000000c0c01c08,0x00000000c1d80000)
 Metaspace       used 34063K, capacity 35394K, committed 35496K, reserved 1079296K
  class space    used 4452K, capacity 4750K, committed 4784K, reserved 1048576K
}
Event: 10.816 GC heap before
{Heap before GC invocations=12 (full 2):
 PSYoungGen      total 169984K, used 9185K [0x00000000eab00000, 0x00000000f7180000, 0x0000000100000000)
  eden space 160768K, 0% used [0x00000000eab00000,0x00000000eab00000,0x00000000f4800000)
  from space 9216K, 99% used [0x00000000f5280000,0x00000000f5b785a0,0x00000000f5b80000)
  to   space 10752K, 0% used [0x00000000f4800000,0x00000000f4800000,0x00000000f5280000)
 ParOldGen       total 30208K, used 12295K [0x00000000c0000000, 0x00000000c1d80000, 0x00000000eab00000)
  object space 30208K, 40% used [0x00000000c0000000,0x00000000c0c01c08,0x00000000c1d80000)
 Metaspace       used 34063K, capacity 35394K, committed 35496K, reserved 1079296K
  class space    used 4452K, capacity 4750K, committed 4784K, reserved 1048576K
Event: 10.898 GC heap after
Heap after GC invocations=12 (full 2):
 PSYoungGen      total 169984K, used 0K [0x00000000eab00000, 0x00000000f7180000, 0x0000000100000000)
  eden space 160768K, 0% used [0x00000000eab00000,0x00000000eab00000,0x00000000f4800000)
  from space 9216K, 0% used [0x00000000f5280000,0x00000000f5280000,0x00000000f5b80000)
  to   space 10752K, 0% used [0x00000000f4800000,0x00000000f4800000,0x00000000f5280000)
 ParOldGen       total 48128K, used 15450K [0x00000000c0000000, 0x00000000c2f00000, 0x00000000eab00000)
  object space 48128K, 32% used [0x00000000c0000000,0x00000000c0f16a50,0x00000000c2f00000)
 Metaspace       used 34063K, capacity 35394K, committed 35496K, reserved 1079296K
  class space    used 4452K, capacity 4750K, committed 4784K, reserved 1048576K
}
Event: 16.407 GC heap before
{Heap before GC invocations=13 (full 2):
 PSYoungGen      total 169984K, used 160768K [0x00000000eab00000, 0x00000000f7180000, 0x0000000100000000)
  eden space 160768K, 100% used [0x00000000eab00000,0x00000000f4800000,0x00000000f4800000)
  from space 9216K, 0% used [0x00000000f5280000,0x00000000f5280000,0x00000000f5b80000)
  to   space 10752K, 0% used [0x00000000f4800000,0x00000000f4800000,0x00000000f5280000)
 ParOldGen       total 48128K, used 15450K [0x00000000c0000000, 0x00000000c2f00000, 0x00000000eab00000)
  object space 48128K, 32% used [0x00000000c0000000,0x00000000c0f16a50,0x00000000c2f00000)
 Metaspace       used 51178K, capacity 53204K, committed 53416K, reserved 1095680K
  class space    used 7128K, capacity 7517K, committed 7600K, reserved 1048576K
Event: 16.456 GC heap after
Heap after GC invocations=13 (full 2):
 PSYoungGen      total 171520K, used 10734K [0x00000000eab00000, 0x00000000f9f00000, 0x0000000100000000)
  eden space 160768K, 0% used [0x00000000eab00000,0x00000000eab00000,0x00000000f4800000)
  from space 10752K, 99% used [0x00000000f4800000,0x00000000f527ba88,0x00000000f5280000)
  to   space 15360K, 0% used [0x00000000f9000000,0x00000000f9000000,0x00000000f9f00000)
 ParOldGen       total 48128K, used 24310K [0x00000000c0000000, 0x00000000c2f00000, 0x00000000eab00000)
  object space 48128K, 50% used [0x00000000c0000000,0x00000000c17bd9a0,0x00000000c2f00000)
 Metaspace       used 51178K, capacity 53204K, committed 53416K, reserved 1095680K
  class space    used 7128K, capacity 7517K, committed 7600K, reserved 1048576K
}
Event: 18.596 GC heap before
{Heap before GC invocations=14 (full 2):
 PSYoungGen      total 171520K, used 171502K [0x00000000eab00000, 0x00000000f9f00000, 0x0000000100000000)
  eden space 160768K, 100% used [0x00000000eab00000,0x00000000f4800000,0x00000000f4800000)
  from space 10752K, 99% used [0x00000000f4800000,0x00000000f527ba88,0x00000000f5280000)
  to   space 15360K, 0% used [0x00000000f9000000,0x00000000f9000000,0x00000000f9f00000)
 ParOldGen       total 48128K, used 24310K [0x00000000c0000000, 0x00000000c2f00000, 0x00000000eab00000)
  object space 48128K, 50% used [0x00000000c0000000,0x00000000c17bd9a0,0x00000000c2f00000)
 Metaspace       used 54106K, capacity 56692K, committed 57000K, reserved 1097728K
  class space    used 7568K, capacity 7997K, committed 8112K, reserved 1048576K
Event: 18.706 GC heap after
Heap after GC invocations=14 (full 2):
 PSYoungGen      total 234496K, used 8060K [0x00000000eab00000, 0x00000000fa680000, 0x0000000100000000)
  eden space 219136K, 0% used [0x00000000eab00000,0x00000000eab00000,0x00000000f8100000)
  from space 15360K, 52% used [0x00000000f9000000,0x00000000f97df088,0x00000000f9f00000)
  to   space 15360K, 0% used [0x00000000f8100000,0x00000000f8100000,0x00000000f9000000)
 ParOldGen       total 48128K, used 30489K [0x00000000c0000000, 0x00000000c2f00000, 0x00000000eab00000)
  object space 48128K, 63% used [0x00000000c0000000,0x00000000c1dc65c8,0x00000000c2f00000)
 Metaspace       used 54106K, capacity 56692K, committed 57000K, reserved 1097728K
  class space    used 7568K, capacity 7997K, committed 8112K, reserved 1048576K
}

